Determining if the Q_WS_WIN exist failed with the following output:
Change Dir: /home/seb/src/org.supercastframework/qjson/build/CMakeFiles/CMakeTmp

Run Build Command:/usr/bin/make "cmTryCompileExec2780832127/fast"
/usr/bin/make -f CMakeFiles/cmTryCompileExec2780832127.dir/build.make CMakeFiles/cmTryCompileExec2780832127.dir/build
make[1]: entrant dans le répertoire « /mnt/safe/src/org.supercastframework/qjson/build/CMakeFiles/CMakeTmp »
/usr/bin/cmake -E cmake_progress_report /home/seb/src/org.supercastframework/qjson/build/CMakeFiles/CMakeTmp/CMakeFiles 1
Building CXX object CMakeFiles/cmTryCompileExec2780832127.dir/CheckSymbolExists.cxx.o
/usr/bin/c++    -I/usr/include/qt4    -o CMakeFiles/cmTryCompileExec2780832127.dir/CheckSymbolExists.cxx.o -c /home/seb/src/org.supercastframework/qjson/build/CMakeFiles/CMakeTmp/CheckSymbolExists.cxx
/home/seb/src/org.supercastframework/qjson/build/CMakeFiles/CMakeTmp/CheckSymbolExists.cxx: In function ‘int main(int, char**)’:
/home/seb/src/org.supercastframework/qjson/build/CMakeFiles/CMakeTmp/CheckSymbolExists.cxx:8:19: error: ‘Q_WS_WIN’ was not declared in this scope
   return ((int*)(&Q_WS_WIN))[argc];
                   ^
make[1]: *** [CMakeFiles/cmTryCompileExec2780832127.dir/CheckSymbolExists.cxx.o] Erreur 1
make[1]: quittant le répertoire « /mnt/safe/src/org.supercastframework/qjson/build/CMakeFiles/CMakeTmp »
make: *** [cmTryCompileExec2780832127/fast] Erreur 2

File /home/seb/src/org.supercastframework/qjson/build/CMakeFiles/CMakeTmp/CheckSymbolExists.cxx:
/* */
#include <QtCore/qglobal.h>

int main(int argc, char** argv)
{
  (void)argv;
#ifndef Q_WS_WIN
  return ((int*)(&Q_WS_WIN))[argc];
#else
  (void)argc;
  return 0;
#endif
}

Determining if the Q_WS_QWS exist failed with the following output:
Change Dir: /home/seb/src/org.supercastframework/qjson/build/CMakeFiles/CMakeTmp

Run Build Command:/usr/bin/make "cmTryCompileExec1517921491/fast"
/usr/bin/make -f CMakeFiles/cmTryCompileExec1517921491.dir/build.make CMakeFiles/cmTryCompileExec1517921491.dir/build
make[1]: entrant dans le répertoire « /mnt/safe/src/org.supercastframework/qjson/build/CMakeFiles/CMakeTmp »
/usr/bin/cmake -E cmake_progress_report /home/seb/src/org.supercastframework/qjson/build/CMakeFiles/CMakeTmp/CMakeFiles 1
Building CXX object CMakeFiles/cmTryCompileExec1517921491.dir/CheckSymbolExists.cxx.o
/usr/bin/c++    -I/usr/include/qt4    -o CMakeFiles/cmTryCompileExec1517921491.dir/CheckSymbolExists.cxx.o -c /home/seb/src/org.supercastframework/qjson/build/CMakeFiles/CMakeTmp/CheckSymbolExists.cxx
/home/seb/src/org.supercastframework/qjson/build/CMakeFiles/CMakeTmp/CheckSymbolExists.cxx: In function ‘int main(int, char**)’:
/home/seb/src/org.supercastframework/qjson/build/CMakeFiles/CMakeTmp/CheckSymbolExists.cxx:8:19: error: ‘Q_WS_QWS’ was not declared in this scope
   return ((int*)(&Q_WS_QWS))[argc];
                   ^
make[1]: *** [CMakeFiles/cmTryCompileExec1517921491.dir/CheckSymbolExists.cxx.o] Erreur 1
make[1]: quittant le répertoire « /mnt/safe/src/org.supercastframework/qjson/build/CMakeFiles/CMakeTmp »
make: *** [cmTryCompileExec1517921491/fast] Erreur 2

File /home/seb/src/org.supercastframework/qjson/build/CMakeFiles/CMakeTmp/CheckSymbolExists.cxx:
/* */
#include <QtCore/qglobal.h>

int main(int argc, char** argv)
{
  (void)argv;
#ifndef Q_WS_QWS
  return ((int*)(&Q_WS_QWS))[argc];
#else
  (void)argc;
  return 0;
#endif
}

Determining if the Q_WS_MAC exist failed with the following output:
Change Dir: /home/seb/src/org.supercastframework/qjson/build/CMakeFiles/CMakeTmp

Run Build Command:/usr/bin/make "cmTryCompileExec1213791208/fast"
/usr/bin/make -f CMakeFiles/cmTryCompileExec1213791208.dir/build.make CMakeFiles/cmTryCompileExec1213791208.dir/build
make[1]: entrant dans le répertoire « /mnt/safe/src/org.supercastframework/qjson/build/CMakeFiles/CMakeTmp »
/usr/bin/cmake -E cmake_progress_report /home/seb/src/org.supercastframework/qjson/build/CMakeFiles/CMakeTmp/CMakeFiles 1
Building CXX object CMakeFiles/cmTryCompileExec1213791208.dir/CheckSymbolExists.cxx.o
/usr/bin/c++    -I/usr/include/qt4    -o CMakeFiles/cmTryCompileExec1213791208.dir/CheckSymbolExists.cxx.o -c /home/seb/src/org.supercastframework/qjson/build/CMakeFiles/CMakeTmp/CheckSymbolExists.cxx
/home/seb/src/org.supercastframework/qjson/build/CMakeFiles/CMakeTmp/CheckSymbolExists.cxx: In function ‘int main(int, char**)’:
/home/seb/src/org.supercastframework/qjson/build/CMakeFiles/CMakeTmp/CheckSymbolExists.cxx:8:19: error: ‘Q_WS_MAC’ was not declared in this scope
   return ((int*)(&Q_WS_MAC))[argc];
                   ^
make[1]: *** [CMakeFiles/cmTryCompileExec1213791208.dir/CheckSymbolExists.cxx.o] Erreur 1
make[1]: quittant le répertoire « /mnt/safe/src/org.supercastframework/qjson/build/CMakeFiles/CMakeTmp »
make: *** [cmTryCompileExec1213791208/fast] Erreur 2

File /home/seb/src/org.supercastframework/qjson/build/CMakeFiles/CMakeTmp/CheckSymbolExists.cxx:
/* */
#include <QtCore/qglobal.h>

int main(int argc, char** argv)
{
  (void)argv;
#ifndef Q_WS_MAC
  return ((int*)(&Q_WS_MAC))[argc];
#else
  (void)argc;
  return 0;
#endif
}

